\BOOKMARK [1][-]{section.1}{\376\377\000C\000o\000m\000a\000n\000d\000o\000s\000\040\000r\000\341\000p\000i\000d\000o\000s}{}% 1
\BOOKMARK [1][-]{section.2}{\376\377\000C\000o\000n\000f\000i\000g\000u\000r\000a\000c\000i\000\363\000n\000\040\000d\000e\000l\000\040\000d\000o\000c\000u\000m\000e\000n\000t\000o}{}% 2
\BOOKMARK [1][-]{section.3}{\376\377\000E\000n\000t\000o\000r\000n\000o\000\040\000d\000e\000l\000\040\000d\000o\000c\000u\000m\000e\000n\000t\000o}{}% 3
\BOOKMARK [1][-]{section.4}{\376\377\000P\000a\000q\000u\000e\000t\000e\000\040\000d\000e\000\040\000c\000o\000l\000o\000r\000e\000s}{}% 4
\BOOKMARK [1][-]{section.5}{\376\377\000P\000a\000q\000u\000e\000t\000e\000\040\000d\000e\000\040\000f\000u\000e\000n\000t\000e\000s}{}% 5
\BOOKMARK [1][-]{section.6}{\376\377\000P\000a\000q\000u\000e\000t\000e\000\040\000d\000e\000\040\000i\000d\000i\000o\000m\000a}{}% 6
\BOOKMARK [1][-]{section.7}{\376\377\000S\000e\000c\000c\000i\000o\000n\000e\000s}{}% 7
\BOOKMARK [1][-]{section.8}{\376\377\000\315\000n\000d\000i\000c\000e}{}% 8
\BOOKMARK [1][-]{section.9}{\376\377\000S\000a\000l\000t\000o\000\040\000d\000e\000\040\000p\000\341\000g\000i\000n\000a}{}% 9
\BOOKMARK [2][-]{subsection.9.1}{\376\377\000C\000o\000m\000a\000n\000d\000o\000\040\0001\000:}{section.9}% 10
\BOOKMARK [2][-]{subsection.9.2}{\376\377\000C\000o\000m\000a\000n\000d\000o\000\040\0002\000:}{section.9}% 11
\BOOKMARK [1][-]{section.10}{\376\377\000L\000i\000s\000t\000a\000s\000\040\000n\000o\000\040\000n\000u\000m\000e\000r\000a\000d\000a\000s}{}% 12
\BOOKMARK [1][-]{section.11}{\376\377\000L\000i\000s\000t\000a\000s\000\040\000n\000u\000m\000e\000r\000a\000d\000a\000s}{}% 13
\BOOKMARK [1][-]{section.12}{\376\377\000L\000i\000s\000t\000a\000s\000\040\000c\000o\000n\000\040\000d\000e\000s\000c\000r\000i\000p\000c\000i\000\363\000n}{}% 14
\BOOKMARK [1][-]{section.13}{\376\377\000F\000i\000g\000u\000r\000a\000s}{}% 15
\BOOKMARK [1][-]{section.14}{\376\377\000F\000i\000g\000u\000r\000a\000s\000\040\000q\000u\000e\000\040\000f\000l\000o\000t\000a\000n}{}% 16
\BOOKMARK [1][-]{section.15}{\376\377\000D\000o\000s\000\040\000f\000i\000g\000u\000r\000a\000s}{}% 17
\BOOKMARK [1][-]{section.16}{\376\377\000T\000e\000x\000t\000o\000\040\000a\000l\000\040\000l\000a\000d\000o\000\040\000d\000e\000\040\000u\000n\000a\000\040\000f\000i\000g\000u\000r\000a}{}% 18
\BOOKMARK [1][-]{section.17}{\376\377\000T\000e\000x\000t\000o\000\040\000s\000o\000b\000r\000e\000\040\000u\000n\000a\000\040\000f\000i\000g\000u\000r\000a}{}% 19
\BOOKMARK [1][-]{section.18}{\376\377\000E\000l\000\040\000e\000n\000t\000o\000r\000n\000o\000\040\000t\000a\000b\000l\000e}{}% 20
\BOOKMARK [1][-]{section.19}{\376\377\000P\000e\000r\000s\000o\000n\000a\000l\000i\000z\000a\000r\000\040\000t\000a\000b\000l\000a\000s}{}% 21
\BOOKMARK [1][-]{section.20}{\376\377\000E\000x\000c\000e\000l\0002\000L\000a\000T\000e\000X}{}% 22
