This is pdfTeX, Version 3.141592653-2.6-1.40.25 (MiKTeX 24.1) (preloaded format=pdflatex 2024.3.9)  9 MAR 2024 17:30
entering extended mode
 restricted \write18 enabled.
 %&-line parsing enabled.
**./unirMuchosArchivos.tex
(unirMuchosArchivos.tex
LaTeX2e <2023-11-01> patch level 1
L3 programming layer <2024-02-20>
(C:\Program Files\MiKTeX\tex/latex/base\article.cls
Document Class: article 2023/05/17 v1.4n Standard LaTeX document class
(C:\Program Files\MiKTeX\tex/latex/base\size12.clo
File: size12.clo 2023/05/17 v1.4n Standard LaTeX file (size option)
)
\c@part=\count188
\c@section=\count189
\c@subsection=\count190
\c@subsubsection=\count191
\c@paragraph=\count192
\c@subparagraph=\count193
\c@figure=\count194
\c@table=\count195
\abovecaptionskip=\skip48
\belowcaptionskip=\skip49
\bibindent=\dimen140
) (Settings/paquetes.tex
(C:\Program Files\MiKTeX\tex/generic/babel\babel.sty
Package: babel 2024/02/07 v24.2 The Babel package
\babel@savecnt=\count196
\U@D=\dimen141
\l@unhyphenated=\language79

(C:\Program Files\MiKTeX\tex/generic/babel\txtbabel.def)
\bbl@readstream=\read2
\bbl@dirlevel=\count197

*************************************
* Local config file bblopts.cfg used
*
(C:\Program Files\MiKTeX\tex/latex/arabi\bblopts.cfg
File: bblopts.cfg 2005/09/08 v0.1 add Arabic and Farsi to "declared" options of
 babel
)
(C:\Users\l\AppData\Roaming\MiKTeX\tex/latex/babel-spanish\spanish.ldf
Language: spanish.ldf 2021/05/27 v5.0q Spanish support from the babel system
\es@quottoks=\toks17
\es@quotdepth=\count198
Package babel Info: Making " an active character on input line 570.
))
(C:\Program Files\MiKTeX\tex/generic/babel/locale/es\babel-spanish.tex
Package babel Info: Importing font and identification data for spanish
(babel)             from babel-es.ini. Reported on input line 11.
)
(C:\Program Files\MiKTeX\tex/latex/base\inputenc.sty
Package: inputenc 2021/02/14 v1.3d Input encoding file
\inpenc@prehook=\toks18
\inpenc@posthook=\toks19
)
(C:\Users\l\AppData\Roaming\MiKTeX\tex/latex/datetime2\datetime2.sty
Package: datetime2 2021/03/21 v1.5.7 (NLCT) date and time formats

(C:\Users\l\AppData\Roaming\MiKTeX\tex/latex/tracklang\tracklang.sty
Package: tracklang 2022/12/13 v1.6.1 (NLCT) Track Languages

(C:\Users\l\AppData\Roaming\MiKTeX\tex/generic/tracklang\tracklang.tex))
(C:\Program Files\MiKTeX\tex/latex/etoolbox\etoolbox.sty
Package: etoolbox 2020/10/05 v2.5k e-TeX tools for LaTeX (JAW)
\etb@tempcnta=\count199
)
(C:\Program Files\MiKTeX\tex/latex/xkeyval\xkeyval.sty
Package: xkeyval 2022/06/16 v2.9 package option processing (HA)

(C:\Program Files\MiKTeX\tex/generic/xkeyval\xkeyval.tex
(C:\Program Files\MiKTeX\tex/generic/xkeyval\xkvutils.tex
\XKV@toks=\toks20
\XKV@tempa@toks=\toks21

(C:\Program Files\MiKTeX\tex/generic/xkeyval\keyval.tex))
\XKV@depth=\count266
File: xkeyval.tex 2014/12/03 v2.7a key=value parser (HA)
))
(C:\Users\l\AppData\Roaming\MiKTeX\tex/latex/datetime2-spanish\datetime2-spanis
h.ldf
File: datetime2-spanish.ldf 2017/11/13 v1.1
 (C:\Program Files\MiKTeX\tex/generic/iftex\ifxetex.sty
Package: ifxetex 2019/10/25 v0.7 ifxetex legacy package. Use iftex instead.

(C:\Program Files\MiKTeX\tex/generic/iftex\iftex.sty
Package: iftex 2022/02/03 v1.0f TeX engine tests
))
(C:\Program Files\MiKTeX\tex/generic/iftex\ifluatex.sty
Package: ifluatex 2019/10/25 v1.5 ifluatex legacy package. Use iftex instead.
)
(C:\Users\l\AppData\Roaming\MiKTeX\tex/latex/datetime2-spanish\datetime2-spanis
h-ascii.ldf
File: datetime2-spanish-ascii.ldf 2017/11/13 v1.1
)))
(C:\Users\l\AppData\Roaming\MiKTeX\tex/latex/geometry\geometry.sty
Package: geometry 2020/01/02 v5.9 Page Geometry

(C:\Program Files\MiKTeX\tex/generic/iftex\ifvtex.sty
Package: ifvtex 2019/10/25 v1.7 ifvtex legacy package. Use iftex instead.
)
\Gm@cnth=\count267
\Gm@cntv=\count268
\c@Gm@tempcnt=\count269
\Gm@bindingoffset=\dimen142
\Gm@wd@mp=\dimen143
\Gm@odd@mp=\dimen144
\Gm@even@mp=\dimen145
\Gm@layoutwidth=\dimen146
\Gm@layoutheight=\dimen147
\Gm@layouthoffset=\dimen148
\Gm@layoutvoffset=\dimen149
\Gm@dimlist=\toks22

(C:\Users\l\AppData\Roaming\MiKTeX\tex/latex/geometry\geometry.cfg))
(C:\Program Files\MiKTeX\tex/latex/ragged2e\ragged2e.sty
Package: ragged2e 2023/06/22 v3.6 ragged2e Package
\CenteringLeftskip=\skip50
\RaggedLeftLeftskip=\skip51
\RaggedRightLeftskip=\skip52
\CenteringRightskip=\skip53
\RaggedLeftRightskip=\skip54
\RaggedRightRightskip=\skip55
\CenteringParfillskip=\skip56
\RaggedLeftParfillskip=\skip57
\RaggedRightParfillskip=\skip58
\JustifyingParfillskip=\skip59
\CenteringParindent=\skip60
\RaggedLeftParindent=\skip61
\RaggedRightParindent=\skip62
\JustifyingParindent=\skip63
)
(C:\Program Files\MiKTeX\tex/latex/hyperref\hyperref.sty
Package: hyperref 2024-01-20 v7.01h Hypertext links for LaTeX

(C:\Users\l\AppData\Roaming\MiKTeX\tex/latex/kvsetkeys\kvsetkeys.sty
Package: kvsetkeys 2022-10-05 v1.19 Key value parser (HO)
)
(C:\Users\l\AppData\Roaming\MiKTeX\tex/generic/kvdefinekeys\kvdefinekeys.sty
Package: kvdefinekeys 2019-12-19 v1.6 Define keys (HO)
)
(C:\Users\l\AppData\Roaming\MiKTeX\tex/generic/pdfescape\pdfescape.sty
Package: pdfescape 2019/12/09 v1.15 Implements pdfTeX's escape features (HO)

(C:\Users\l\AppData\Roaming\MiKTeX\tex/generic/ltxcmds\ltxcmds.sty
Package: ltxcmds 2023-12-04 v1.26 LaTeX kernel commands for general use (HO)
)
(C:\Program Files\MiKTeX\tex/generic/pdftexcmds\pdftexcmds.sty
Package: pdftexcmds 2020-06-27 v0.33 Utility functions of pdfTeX for LuaTeX (HO
)

(C:\Users\l\AppData\Roaming\MiKTeX\tex/generic/infwarerr\infwarerr.sty
Package: infwarerr 2019/12/03 v1.5 Providing info/warning/error messages (HO)
)
Package pdftexcmds Info: \pdf@primitive is available.
Package pdftexcmds Info: \pdf@ifprimitive is available.
Package pdftexcmds Info: \pdfdraftmode found.
))
(C:\Users\l\AppData\Roaming\MiKTeX\tex/latex/hycolor\hycolor.sty
Package: hycolor 2020-01-27 v1.10 Color options for hyperref/bookmark (HO)
)
(C:\Users\l\AppData\Roaming\MiKTeX\tex/latex/auxhook\auxhook.sty
Package: auxhook 2019-12-17 v1.6 Hooks for auxiliary files (HO)
)
(C:\Program Files\MiKTeX\tex/latex/hyperref\nameref.sty
Package: nameref 2023-11-26 v2.56 Cross-referencing by name of section

(C:\Users\l\AppData\Roaming\MiKTeX\tex/latex/refcount\refcount.sty
Package: refcount 2019/12/15 v3.6 Data extraction from label references (HO)
)
(C:\Users\l\AppData\Roaming\MiKTeX\tex/generic/gettitlestring\gettitlestring.st
y
Package: gettitlestring 2019/12/15 v1.6 Cleanup title references (HO)
 (C:\Users\l\AppData\Roaming\MiKTeX\tex/latex/kvoptions\kvoptions.sty
Package: kvoptions 2022-06-15 v3.15 Key value format for package options (HO)
))
\c@section@level=\count270
)
\@linkdim=\dimen150
\Hy@linkcounter=\count271
\Hy@pagecounter=\count272

(C:\Program Files\MiKTeX\tex/latex/hyperref\pd1enc.def
File: pd1enc.def 2024-01-20 v7.01h Hyperref: PDFDocEncoding definition (HO)
Now handling font encoding PD1 ...
... no UTF-8 mapping file for font encoding PD1
)
(C:\Users\l\AppData\Roaming\MiKTeX\tex/generic/intcalc\intcalc.sty
Package: intcalc 2019/12/15 v1.3 Expandable calculations with integers (HO)
)
\Hy@SavedSpaceFactor=\count273

(C:\Program Files\MiKTeX\tex/latex/hyperref\puenc.def
File: puenc.def 2024-01-20 v7.01h Hyperref: PDF Unicode definition (HO)
Now handling font encoding PU ...
... no UTF-8 mapping file for font encoding PU
)
Package hyperref Info: Hyper figures OFF on input line 4179.
Package hyperref Info: Link nesting OFF on input line 4184.
Package hyperref Info: Hyper index ON on input line 4187.
Package hyperref Info: Plain pages OFF on input line 4194.
Package hyperref Info: Backreferencing OFF on input line 4199.
Package hyperref Info: Implicit mode ON; LaTeX internals redefined.
Package hyperref Info: Bookmarks ON on input line 4446.
\c@Hy@tempcnt=\count274

(C:\Program Files\MiKTeX\tex/latex/url\url.sty
\Urlmuskip=\muskip16
Package: url 2013/09/16  ver 3.4  Verb mode for urls, etc.
)
LaTeX Info: Redefining \url on input line 4784.
\XeTeXLinkMargin=\dimen151

(C:\Users\l\AppData\Roaming\MiKTeX\tex/generic/bitset\bitset.sty
Package: bitset 2019/12/09 v1.3 Handle bit-vector datatype (HO)

(C:\Users\l\AppData\Roaming\MiKTeX\tex/generic/bigintcalc\bigintcalc.sty
Package: bigintcalc 2019/12/15 v1.5 Expandable calculations on big integers (HO
)
))
\Fld@menulength=\count275
\Field@Width=\dimen152
\Fld@charsize=\dimen153
Package hyperref Info: Hyper figures OFF on input line 6063.
Package hyperref Info: Link nesting OFF on input line 6068.
Package hyperref Info: Hyper index ON on input line 6071.
Package hyperref Info: backreferencing OFF on input line 6078.
Package hyperref Info: Link coloring OFF on input line 6083.
Package hyperref Info: Link coloring with OCG OFF on input line 6088.
Package hyperref Info: PDF/A mode OFF on input line 6093.

(C:\Program Files\MiKTeX\tex/latex/base\atbegshi-ltx.sty
Package: atbegshi-ltx 2021/01/10 v1.0c Emulation of the original atbegshi
package with kernel methods
)
\Hy@abspage=\count276
\c@Item=\count277
\c@Hfootnote=\count278
)
Package hyperref Info: Driver (autodetected): hpdftex.

(C:\Program Files\MiKTeX\tex/latex/hyperref\hpdftex.def
File: hpdftex.def 2024-01-20 v7.01h Hyperref driver for pdfTeX

(C:\Program Files\MiKTeX\tex/latex/base\atveryend-ltx.sty
Package: atveryend-ltx 2020/08/19 v1.0a Emulation of the original atveryend pac
kage
with kernel methods
)
\Fld@listcount=\count279
\c@bookmark@seq@number=\count280

(C:\Users\l\AppData\Roaming\MiKTeX\tex/latex/rerunfilecheck\rerunfilecheck.sty
Package: rerunfilecheck 2022-07-10 v1.10 Rerun checks for auxiliary files (HO)

(C:\Users\l\AppData\Roaming\MiKTeX\tex/generic/uniquecounter\uniquecounter.sty
Package: uniquecounter 2019/12/15 v1.4 Provide unlimited unique counter (HO)
)
Package uniquecounter Info: New unique counter `rerunfilecheck' on input line 2
85.
)
\Hy@SectionHShift=\skip64
)
Package hyperref Info: Option `colorlinks' set `true' on input line 18.
Package hyperref Info: Option `linktocpage' set `true' on input line 18.


Package hyperref Warning: Option `hyperfootnotes' has already been used,
(hyperref)                setting the option has no effect on input line 18.

(C:\Users\l\AppData\Roaming\MiKTeX\tex/latex/courierten\courierten.sty
Package: courierten 2020/06/05 (autoinst) Style file for Courier 10 Pitch BT.

(C:\Program Files\MiKTeX\tex/latex/base\fontenc.sty
Package: fontenc 2021/04/29 v2.0v Standard LaTeX package
)
(C:\Program Files\MiKTeX\tex/latex/base\textcomp.sty
Package: textcomp 2020/02/02 v2.0n Standard LaTeX package
)
(C:\Program Files\MiKTeX\tex/latex/base\ifthen.sty
Package: ifthen 2022/04/13 v1.1d Standard LaTeX ifthen package (DPC)
)
(C:\Users\l\AppData\Roaming\MiKTeX\tex/latex/fontaxes\fontaxes.sty
Package: fontaxes 2020/07/21 v1.0e Font selection axes
LaTeX Info: Redefining \upshape on input line 29.
LaTeX Info: Redefining \itshape on input line 31.
LaTeX Info: Redefining \slshape on input line 33.
LaTeX Info: Redefining \swshape on input line 35.
LaTeX Info: Redefining \scshape on input line 37.
LaTeX Info: Redefining \sscshape on input line 39.
LaTeX Info: Redefining \ulcshape on input line 41.
LaTeX Info: Redefining \textsw on input line 47.
LaTeX Info: Redefining \textssc on input line 48.
LaTeX Info: Redefining \textulc on input line 49.
))
(C:\Program Files\MiKTeX\tex/latex/base\fontenc.sty
Package: fontenc 2021/04/29 v2.0v Standard LaTeX package
LaTeX Font Info:    Trying to load font information for T1+CourierOneZeroPitch-
TLF on input line 112.

(C:\Users\l\AppData\Roaming\MiKTeX\tex/latex/courierten\t1courieronezeropitch-t
lf.fd
File: T1CourierOneZeroPitch-TLF.fd 2020/06/05 (autoinst) Font definitions for T
1/CourierOneZeroPitch-TLF.
)
LaTeX Font Info:    Font shape `T1/CourierOneZeroPitch-TLF/m/n' aliased to
(Font)              `T1/CourierOneZeroPitch-TLF/regular/n' on input line 112.
LaTeX Font Info:    Font shape `T1/CourierOneZeroPitch-TLF/regular/n' will be
(Font)              scaled to size 12.0pt on input line 112.
) (C:\Program Files\MiKTeX\tex/latex/xcolor\xcolor.sty
Package: xcolor 2023/11/15 v3.01 LaTeX color extensions (UK)

(C:\Program Files\MiKTeX\tex/latex/graphics-cfg\color.cfg
File: color.cfg 2016/01/02 v1.6 sample color configuration
)
Package xcolor Info: Driver file: pdftex.def on input line 274.

(C:\Program Files\MiKTeX\tex/latex/graphics-def\pdftex.def
File: pdftex.def 2022/09/22 v1.2b Graphics/color driver for pdftex
)
(C:\Program Files\MiKTeX\tex/latex/graphics\mathcolor.ltx)
Package xcolor Info: Model `cmy' substituted by `cmy0' on input line 1350.
Package xcolor Info: Model `hsb' substituted by `rgb' on input line 1354.
Package xcolor Info: Model `RGB' extended on input line 1366.
Package xcolor Info: Model `HTML' substituted by `rgb' on input line 1368.
Package xcolor Info: Model `Hsb' substituted by `hsb' on input line 1369.
Package xcolor Info: Model `tHsb' substituted by `hsb' on input line 1370.
Package xcolor Info: Model `HSB' substituted by `hsb' on input line 1371.
Package xcolor Info: Model `Gray' substituted by `gray' on input line 1372.
Package xcolor Info: Model `wave' substituted by `hsb' on input line 1373.
)
(C:\Users\l\AppData\Roaming\MiKTeX\tex/latex/colortbl\colortbl.sty
Package: colortbl 2024/02/20 v1.0g Color table columns (DPC)

(C:\Program Files\MiKTeX\tex/latex/tools\array.sty
Package: array 2023/10/16 v2.5g Tabular extension package (FMi)
\col@sep=\dimen154
\ar@mcellbox=\box51
\extrarowheight=\dimen155
\NC@list=\toks23
\extratabsurround=\skip65
\backup@length=\skip66
\ar@cellbox=\box52
)
\everycr=\toks24
\minrowclearance=\skip67
\rownum=\count281
)
(C:\Users\l\AppData\Roaming\MiKTeX\tex/latex/lastpage\lastpage.sty
Package: lastpage 2023/10/14 v2.0e lastpage: 2.09 or 2e? (HMM)

(C:\Users\l\AppData\Roaming\MiKTeX\tex/latex/lastpage\lastpage2e.sty
Package: lastpage2e 2023/10/14 v2.0e Decide which 2e lastpage version to use (H
MM)

(C:\Users\l\AppData\Roaming\MiKTeX\tex/latex/lastpage\lastpagemodern.sty
Package: lastpagemodern 2023-10-14 v2.0e Refers to last page's name (HMM; JPG)
\c@lastpagecount=\count282
) 
)) (C:\Users\l\AppData\Roaming\MiKTeX\tex/latex/fancyhdr\fancyhdr.sty
Package: fancyhdr 2022/11/09 v4.1 Extensive control of page headers and footers

\f@nch@headwidth=\skip68
\f@nch@O@elh=\skip69
\f@nch@O@erh=\skip70
\f@nch@O@olh=\skip71
\f@nch@O@orh=\skip72
\f@nch@O@elf=\skip73
\f@nch@O@erf=\skip74
\f@nch@O@olf=\skip75
\f@nch@O@orf=\skip76
)
(C:\Users\l\AppData\Roaming\MiKTeX\tex/latex/setspace\setspace.sty
Package: setspace 2022/12/04 v6.7b set line spacing
)
(C:\Users\l\AppData\Roaming\MiKTeX\tex/latex/titlesec\titlesec.sty
Package: titlesec 2023/10/27 v2.16 Sectioning titles
\ttl@box=\box53
\beforetitleunit=\skip77
\aftertitleunit=\skip78
\ttl@plus=\dimen156
\ttl@minus=\dimen157
\ttl@toksa=\toks25
\titlewidth=\dimen158
\titlewidthlast=\dimen159
\titlewidthfirst=\dimen160
)
(C:\Program Files\MiKTeX\tex/latex/graphics\graphicx.sty
Package: graphicx 2021/09/16 v1.2d Enhanced LaTeX Graphics (DPC,SPQR)

(C:\Program Files\MiKTeX\tex/latex/graphics\graphics.sty
Package: graphics 2022/03/10 v1.4e Standard LaTeX Graphics (DPC,SPQR)

(C:\Program Files\MiKTeX\tex/latex/graphics\trig.sty
Package: trig 2021/08/11 v1.11 sin cos tan (DPC)
)
(C:\Program Files\MiKTeX\tex/latex/graphics-cfg\graphics.cfg
File: graphics.cfg 2016/06/04 v1.11 sample graphics configuration
)
Package graphics Info: Driver file: pdftex.def on input line 107.
)
\Gin@req@height=\dimen161
\Gin@req@width=\dimen162
)
(C:\Users\l\AppData\Roaming\MiKTeX\tex/latex/float\float.sty
Package: float 2001/11/08 v1.3d Float enhancements (AL)
\c@float@type=\count283
\float@exts=\toks26
\float@box=\box54
\@float@everytoks=\toks27
\@floatcapt=\box55
)
(C:\Users\l\AppData\Roaming\MiKTeX\tex/latex/caption\subcaption.sty
Package: subcaption 2023/07/28 v1.6b Sub-captions (AR)

(C:\Users\l\AppData\Roaming\MiKTeX\tex/latex/caption\caption.sty
Package: caption 2023/08/05 v3.6o Customizing captions (AR)

(C:\Users\l\AppData\Roaming\MiKTeX\tex/latex/caption\caption3.sty
Package: caption3 2023/07/31 v2.4d caption3 kernel (AR)
\caption@tempdima=\dimen163
\captionmargin=\dimen164
\caption@leftmargin=\dimen165
\caption@rightmargin=\dimen166
\caption@width=\dimen167
\caption@indent=\dimen168
\caption@parindent=\dimen169
\caption@hangindent=\dimen170
Package caption Info: Standard document class detected.
)
\c@caption@flags=\count284
\c@continuedfloat=\count285
Package caption Info: float package is loaded.
Package caption Info: hyperref package is loaded.
)
Package caption Info: New subtype `subfigure' on input line 238.
\c@subfigure=\count286
Package caption Info: New subtype `subtable' on input line 238.
\c@subtable=\count287
)
(C:\Users\l\AppData\Roaming\MiKTeX\tex/latex/wrapfig\wrapfig.sty
\wrapoverhang=\dimen171
\WF@size=\dimen172
\c@WF@wrappedlines=\count288
\WF@box=\box56
\WF@everypar=\toks28
Package: wrapfig 2003/01/31  v 3.6
)
(C:\Users\l\AppData\Roaming\MiKTeX\tex/latex/overpic\overpic.sty
Package: overpic 2024/01/06 2.1 picture overlays (RN)

(C:\Users\l\AppData\Roaming\MiKTeX\tex/latex/eepic\epic.sty
Enhancements to Picture Environment. Version 1.2 - Released June 1, 1986
\@@multicnt=\count289
\d@lta=\count290
\@delta=\dimen173
\@@delta=\dimen174
\@gridcnt=\count291
\@joinkind=\count292
\@dotgap=\dimen175
\@ddotgap=\dimen176
\@x@diff=\count293
\@y@diff=\count294
\x@diff=\dimen177
\y@diff=\dimen178
\@dotbox=\box57
\num@segments=\count295
\num@segmentsi=\count296
\@datafile=\read3
)
\OVP@box=\box58
) (C:\Program Files\MiKTeX\tex/latex/pgf/frontendlayer\tikz.sty
(C:\Program Files\MiKTeX\tex/latex/pgf/basiclayer\pgf.sty
(C:\Program Files\MiKTeX\tex/latex/pgf/utilities\pgfrcs.sty
(C:\Program Files\MiKTeX\tex/generic/pgf/utilities\pgfutil-common.tex
\pgfutil@everybye=\toks29
\pgfutil@tempdima=\dimen179
\pgfutil@tempdimb=\dimen180
)
(C:\Program Files\MiKTeX\tex/generic/pgf/utilities\pgfutil-latex.def
\pgfutil@abb=\box59
)
(C:\Program Files\MiKTeX\tex/generic/pgf/utilities\pgfrcs.code.tex
(C:\Program Files\MiKTeX\tex/generic/pgf\pgf.revision.tex)
Package: pgfrcs 2023-01-15 v3.1.10 (3.1.10)
))
Package: pgf 2023-01-15 v3.1.10 (3.1.10)

(C:\Program Files\MiKTeX\tex/latex/pgf/basiclayer\pgfcore.sty
(C:\Program Files\MiKTeX\tex/latex/pgf/systemlayer\pgfsys.sty
(C:\Program Files\MiKTeX\tex/generic/pgf/systemlayer\pgfsys.code.tex
Package: pgfsys 2023-01-15 v3.1.10 (3.1.10)

(C:\Program Files\MiKTeX\tex/generic/pgf/utilities\pgfkeys.code.tex
\pgfkeys@pathtoks=\toks30
\pgfkeys@temptoks=\toks31

(C:\Program Files\MiKTeX\tex/generic/pgf/utilities\pgfkeyslibraryfiltered.code.
tex
\pgfkeys@tmptoks=\toks32
))
\pgf@x=\dimen181
\pgf@y=\dimen182
\pgf@xa=\dimen183
\pgf@ya=\dimen184
\pgf@xb=\dimen185
\pgf@yb=\dimen186
\pgf@xc=\dimen187
\pgf@yc=\dimen188
\pgf@xd=\dimen189
\pgf@yd=\dimen190
\w@pgf@writea=\write3
\r@pgf@reada=\read4
\c@pgf@counta=\count297
\c@pgf@countb=\count298
\c@pgf@countc=\count299
\c@pgf@countd=\count300
\t@pgf@toka=\toks33
\t@pgf@tokb=\toks34
\t@pgf@tokc=\toks35
\pgf@sys@id@count=\count301
 (C:\Program Files\MiKTeX\tex/generic/pgf/systemlayer\pgf.cfg
File: pgf.cfg 2023-01-15 v3.1.10 (3.1.10)
)
Driver file for pgf: pgfsys-pdftex.def

(C:\Program Files\MiKTeX\tex/generic/pgf/systemlayer\pgfsys-pdftex.def
File: pgfsys-pdftex.def 2023-01-15 v3.1.10 (3.1.10)

(C:\Program Files\MiKTeX\tex/generic/pgf/systemlayer\pgfsys-common-pdf.def
File: pgfsys-common-pdf.def 2023-01-15 v3.1.10 (3.1.10)
)))
(C:\Program Files\MiKTeX\tex/generic/pgf/systemlayer\pgfsyssoftpath.code.tex
File: pgfsyssoftpath.code.tex 2023-01-15 v3.1.10 (3.1.10)
\pgfsyssoftpath@smallbuffer@items=\count302
\pgfsyssoftpath@bigbuffer@items=\count303
)
(C:\Program Files\MiKTeX\tex/generic/pgf/systemlayer\pgfsysprotocol.code.tex
File: pgfsysprotocol.code.tex 2023-01-15 v3.1.10 (3.1.10)
))
(C:\Program Files\MiKTeX\tex/generic/pgf/basiclayer\pgfcore.code.tex
Package: pgfcore 2023-01-15 v3.1.10 (3.1.10)

(C:\Program Files\MiKTeX\tex/generic/pgf/math\pgfmath.code.tex
(C:\Program Files\MiKTeX\tex/generic/pgf/math\pgfmathutil.code.tex)
(C:\Program Files\MiKTeX\tex/generic/pgf/math\pgfmathparser.code.tex
\pgfmath@dimen=\dimen191
\pgfmath@count=\count304
\pgfmath@box=\box60
\pgfmath@toks=\toks36
\pgfmath@stack@operand=\toks37
\pgfmath@stack@operation=\toks38
)
(C:\Program Files\MiKTeX\tex/generic/pgf/math\pgfmathfunctions.code.tex)
(C:\Program Files\MiKTeX\tex/generic/pgf/math\pgfmathfunctions.basic.code.tex)
(C:\Program Files\MiKTeX\tex/generic/pgf/math\pgfmathfunctions.trigonometric.co
de.tex)
(C:\Program Files\MiKTeX\tex/generic/pgf/math\pgfmathfunctions.random.code.tex)

(C:\Program Files\MiKTeX\tex/generic/pgf/math\pgfmathfunctions.comparison.code.
tex)
(C:\Program Files\MiKTeX\tex/generic/pgf/math\pgfmathfunctions.base.code.tex)
(C:\Program Files\MiKTeX\tex/generic/pgf/math\pgfmathfunctions.round.code.tex)
(C:\Program Files\MiKTeX\tex/generic/pgf/math\pgfmathfunctions.misc.code.tex)
(C:\Program Files\MiKTeX\tex/generic/pgf/math\pgfmathfunctions.integerarithmeti
cs.code.tex) (C:\Program Files\MiKTeX\tex/generic/pgf/math\pgfmathcalc.code.tex
) (C:\Program Files\MiKTeX\tex/generic/pgf/math\pgfmathfloat.code.tex
\c@pgfmathroundto@lastzeros=\count305
))
(C:\Program Files\MiKTeX\tex/generic/pgf/math\pgfint.code.tex)
(C:\Program Files\MiKTeX\tex/generic/pgf/basiclayer\pgfcorepoints.code.tex
File: pgfcorepoints.code.tex 2023-01-15 v3.1.10 (3.1.10)
\pgf@picminx=\dimen192
\pgf@picmaxx=\dimen193
\pgf@picminy=\dimen194
\pgf@picmaxy=\dimen195
\pgf@pathminx=\dimen196
\pgf@pathmaxx=\dimen197
\pgf@pathminy=\dimen198
\pgf@pathmaxy=\dimen199
\pgf@xx=\dimen256
\pgf@xy=\dimen257
\pgf@yx=\dimen258
\pgf@yy=\dimen259
\pgf@zx=\dimen260
\pgf@zy=\dimen261
)
(C:\Program Files\MiKTeX\tex/generic/pgf/basiclayer\pgfcorepathconstruct.code.t
ex
File: pgfcorepathconstruct.code.tex 2023-01-15 v3.1.10 (3.1.10)
\pgf@path@lastx=\dimen262
\pgf@path@lasty=\dimen263
)
(C:\Program Files\MiKTeX\tex/generic/pgf/basiclayer\pgfcorepathusage.code.tex
File: pgfcorepathusage.code.tex 2023-01-15 v3.1.10 (3.1.10)
\pgf@shorten@end@additional=\dimen264
\pgf@shorten@start@additional=\dimen265
)
(C:\Program Files\MiKTeX\tex/generic/pgf/basiclayer\pgfcorescopes.code.tex
File: pgfcorescopes.code.tex 2023-01-15 v3.1.10 (3.1.10)
\pgfpic=\box61
\pgf@hbox=\box62
\pgf@layerbox@main=\box63
\pgf@picture@serial@count=\count306
)
(C:\Program Files\MiKTeX\tex/generic/pgf/basiclayer\pgfcoregraphicstate.code.te
x
File: pgfcoregraphicstate.code.tex 2023-01-15 v3.1.10 (3.1.10)
\pgflinewidth=\dimen266
)
(C:\Program Files\MiKTeX\tex/generic/pgf/basiclayer\pgfcoretransformations.code
.tex
File: pgfcoretransformations.code.tex 2023-01-15 v3.1.10 (3.1.10)
\pgf@pt@x=\dimen267
\pgf@pt@y=\dimen268
\pgf@pt@temp=\dimen269
) (C:\Program Files\MiKTeX\tex/generic/pgf/basiclayer\pgfcorequick.code.tex
File: pgfcorequick.code.tex 2023-01-15 v3.1.10 (3.1.10)
) (C:\Program Files\MiKTeX\tex/generic/pgf/basiclayer\pgfcoreobjects.code.tex
File: pgfcoreobjects.code.tex 2023-01-15 v3.1.10 (3.1.10)
)
(C:\Program Files\MiKTeX\tex/generic/pgf/basiclayer\pgfcorepathprocessing.code.
tex
File: pgfcorepathprocessing.code.tex 2023-01-15 v3.1.10 (3.1.10)
) (C:\Program Files\MiKTeX\tex/generic/pgf/basiclayer\pgfcorearrows.code.tex
File: pgfcorearrows.code.tex 2023-01-15 v3.1.10 (3.1.10)
\pgfarrowsep=\dimen270
) (C:\Program Files\MiKTeX\tex/generic/pgf/basiclayer\pgfcoreshade.code.tex
File: pgfcoreshade.code.tex 2023-01-15 v3.1.10 (3.1.10)
\pgf@max=\dimen271
\pgf@sys@shading@range@num=\count307
\pgf@shadingcount=\count308
)
(C:\Program Files\MiKTeX\tex/generic/pgf/basiclayer\pgfcoreimage.code.tex
File: pgfcoreimage.code.tex 2023-01-15 v3.1.10 (3.1.10)
)
(C:\Program Files\MiKTeX\tex/generic/pgf/basiclayer\pgfcoreexternal.code.tex
File: pgfcoreexternal.code.tex 2023-01-15 v3.1.10 (3.1.10)
\pgfexternal@startupbox=\box64
)
(C:\Program Files\MiKTeX\tex/generic/pgf/basiclayer\pgfcorelayers.code.tex
File: pgfcorelayers.code.tex 2023-01-15 v3.1.10 (3.1.10)
)
(C:\Program Files\MiKTeX\tex/generic/pgf/basiclayer\pgfcoretransparency.code.te
x
File: pgfcoretransparency.code.tex 2023-01-15 v3.1.10 (3.1.10)
) (C:\Program Files\MiKTeX\tex/generic/pgf/basiclayer\pgfcorepatterns.code.tex
File: pgfcorepatterns.code.tex 2023-01-15 v3.1.10 (3.1.10)
) (C:\Program Files\MiKTeX\tex/generic/pgf/basiclayer\pgfcorerdf.code.tex
File: pgfcorerdf.code.tex 2023-01-15 v3.1.10 (3.1.10)
)))
(C:\Program Files\MiKTeX\tex/generic/pgf/modules\pgfmoduleshapes.code.tex
File: pgfmoduleshapes.code.tex 2023-01-15 v3.1.10 (3.1.10)
\pgfnodeparttextbox=\box65
)
(C:\Program Files\MiKTeX\tex/generic/pgf/modules\pgfmoduleplot.code.tex
File: pgfmoduleplot.code.tex 2023-01-15 v3.1.10 (3.1.10)
)
(C:\Program Files\MiKTeX\tex/latex/pgf/compatibility\pgfcomp-version-0-65.sty
Package: pgfcomp-version-0-65 2023-01-15 v3.1.10 (3.1.10)
\pgf@nodesepstart=\dimen272
\pgf@nodesepend=\dimen273
)
(C:\Program Files\MiKTeX\tex/latex/pgf/compatibility\pgfcomp-version-1-18.sty
Package: pgfcomp-version-1-18 2023-01-15 v3.1.10 (3.1.10)
)) (C:\Program Files\MiKTeX\tex/latex/pgf/utilities\pgffor.sty
(C:\Program Files\MiKTeX\tex/latex/pgf/utilities\pgfkeys.sty
(C:\Program Files\MiKTeX\tex/generic/pgf/utilities\pgfkeys.code.tex))
(C:\Program Files\MiKTeX\tex/latex/pgf/math\pgfmath.sty
(C:\Program Files\MiKTeX\tex/generic/pgf/math\pgfmath.code.tex))
(C:\Program Files\MiKTeX\tex/generic/pgf/utilities\pgffor.code.tex
Package: pgffor 2023-01-15 v3.1.10 (3.1.10)
\pgffor@iter=\dimen274
\pgffor@skip=\dimen275
\pgffor@stack=\toks39
\pgffor@toks=\toks40
))
(C:\Program Files\MiKTeX\tex/generic/pgf/frontendlayer/tikz\tikz.code.tex
Package: tikz 2023-01-15 v3.1.10 (3.1.10)

(C:\Program Files\MiKTeX\tex/generic/pgf/libraries\pgflibraryplothandlers.code.
tex
File: pgflibraryplothandlers.code.tex 2023-01-15 v3.1.10 (3.1.10)
\pgf@plot@mark@count=\count309
\pgfplotmarksize=\dimen276
)
\tikz@lastx=\dimen277
\tikz@lasty=\dimen278
\tikz@lastxsaved=\dimen279
\tikz@lastysaved=\dimen280
\tikz@lastmovetox=\dimen281
\tikz@lastmovetoy=\dimen282
\tikzleveldistance=\dimen283
\tikzsiblingdistance=\dimen284
\tikz@figbox=\box66
\tikz@figbox@bg=\box67
\tikz@tempbox=\box68
\tikz@tempbox@bg=\box69
\tikztreelevel=\count310
\tikznumberofchildren=\count311
\tikznumberofcurrentchild=\count312
\tikz@fig@count=\count313
 (C:\Program Files\MiKTeX\tex/generic/pgf/modules\pgfmodulematrix.code.tex
File: pgfmodulematrix.code.tex 2023-01-15 v3.1.10 (3.1.10)
\pgfmatrixcurrentrow=\count314
\pgfmatrixcurrentcolumn=\count315
\pgf@matrix@numberofcolumns=\count316
)
\tikz@expandcount=\count317

(C:\Program Files\MiKTeX\tex/generic/pgf/frontendlayer/tikz/libraries\tikzlibra
rytopaths.code.tex
File: tikzlibrarytopaths.code.tex 2023-01-15 v3.1.10 (3.1.10)
)))
(C:\Users\l\AppData\Roaming\MiKTeX\tex/latex/booktabs\booktabs.sty
Package: booktabs 2020/01/12 v1.61803398 Publication quality tables
\heavyrulewidth=\dimen285
\lightrulewidth=\dimen286
\cmidrulewidth=\dimen287
\belowrulesep=\dimen288
\belowbottomsep=\dimen289
\aboverulesep=\dimen290
\abovetopsep=\dimen291
\cmidrulesep=\dimen292
\cmidrulekern=\dimen293
\defaultaddspace=\dimen294
\@cmidla=\count318
\@cmidlb=\count319
\@aboverulesep=\dimen295
\@belowrulesep=\dimen296
\@thisruleclass=\count320
\@lastruleclass=\count321
\@thisrulewidth=\dimen297
))
(C:\Users\l\AppData\Roaming\MiKTeX\tex/latex/mathtools\mathtools.sty
Package: mathtools 2022/06/29 v1.29 mathematical typesetting tools

(C:\Program Files\MiKTeX\tex/latex/tools\calc.sty
Package: calc 2023/07/08 v4.3 Infix arithmetic (KKT,FJ)
\calc@Acount=\count322
\calc@Bcount=\count323
\calc@Adimen=\dimen298
\calc@Bdimen=\dimen299
\calc@Askip=\skip79
\calc@Bskip=\skip80
LaTeX Info: Redefining \setlength on input line 80.
LaTeX Info: Redefining \addtolength on input line 81.
\calc@Ccount=\count324
\calc@Cskip=\skip81
)
(C:\Users\l\AppData\Roaming\MiKTeX\tex/latex/mathtools\mhsetup.sty
Package: mhsetup 2021/03/18 v1.4 programming setup (MH)
)
(C:\Program Files\MiKTeX\tex/latex/amsmath\amsmath.sty
Package: amsmath 2023/05/13 v2.17o AMS math features
\@mathmargin=\skip82

For additional information on amsmath, use the `?' option.
(C:\Program Files\MiKTeX\tex/latex/amsmath\amstext.sty
Package: amstext 2021/08/26 v2.01 AMS text

(C:\Program Files\MiKTeX\tex/latex/amsmath\amsgen.sty
File: amsgen.sty 1999/11/30 v2.0 generic functions
\@emptytoks=\toks41
\ex@=\dimen300
))
(C:\Program Files\MiKTeX\tex/latex/amsmath\amsbsy.sty
Package: amsbsy 1999/11/29 v1.2d Bold Symbols
\pmbraise@=\dimen301
)
(C:\Program Files\MiKTeX\tex/latex/amsmath\amsopn.sty
Package: amsopn 2022/04/08 v2.04 operator names
)
\inf@bad=\count325
LaTeX Info: Redefining \frac on input line 234.
\uproot@=\count326
\leftroot@=\count327
LaTeX Info: Redefining \overline on input line 399.
LaTeX Info: Redefining \colon on input line 410.
\classnum@=\count328
\DOTSCASE@=\count329
LaTeX Info: Redefining \ldots on input line 496.
LaTeX Info: Redefining \dots on input line 499.
LaTeX Info: Redefining \cdots on input line 620.
\Mathstrutbox@=\box70
\strutbox@=\box71
LaTeX Info: Redefining \big on input line 722.
LaTeX Info: Redefining \Big on input line 723.
LaTeX Info: Redefining \bigg on input line 724.
LaTeX Info: Redefining \Bigg on input line 725.
\big@size=\dimen302
LaTeX Font Info:    Redeclaring font encoding OML on input line 743.
LaTeX Font Info:    Redeclaring font encoding OMS on input line 744.
\macc@depth=\count330
LaTeX Info: Redefining \bmod on input line 905.
LaTeX Info: Redefining \pmod on input line 910.
LaTeX Info: Redefining \smash on input line 940.
LaTeX Info: Redefining \relbar on input line 970.
LaTeX Info: Redefining \Relbar on input line 971.
\c@MaxMatrixCols=\count331
\dotsspace@=\muskip17
\c@parentequation=\count332
\dspbrk@lvl=\count333
\tag@help=\toks42
\row@=\count334
\column@=\count335
\maxfields@=\count336
\andhelp@=\toks43
\eqnshift@=\dimen303
\alignsep@=\dimen304
\tagshift@=\dimen305
\tagwidth@=\dimen306
\totwidth@=\dimen307
\lineht@=\dimen308
\@envbody=\toks44
\multlinegap=\skip83
\multlinetaggap=\skip84
\mathdisplay@stack=\toks45
LaTeX Info: Redefining \[ on input line 2953.
LaTeX Info: Redefining \] on input line 2954.
)
\g_MT_multlinerow_int=\count337
\l_MT_multwidth_dim=\dimen309
\origjot=\skip85
\l_MT_shortvdotswithinadjustabove_dim=\dimen310
\l_MT_shortvdotswithinadjustbelow_dim=\dimen311
\l_MT_above_intertext_sep=\dimen312
\l_MT_below_intertext_sep=\dimen313
\l_MT_above_shortintertext_sep=\dimen314
\l_MT_below_shortintertext_sep=\dimen315
\xmathstrut@box=\box72
\xmathstrut@dim=\dimen316
)
(C:\Program Files\MiKTeX\tex/latex/l3backend\l3backend-pdftex.def
File: l3backend-pdftex.def 2024-02-20 L3 backend support: PDF output (pdfTeX)
\l__color_backend_stack_int=\count338
\l__pdf_internal_box=\box73
)
(unirMuchosArchivos.aux
LaTeX Info: Redefining \. on input line 8.
LaTeX Info: Redefining \% on input line 8.
)
\openout1 = `unirMuchosArchivos.aux'.

LaTeX Font Info:    Checking defaults for OML/cmm/m/it on input line 5.
LaTeX Font Info:    ... okay on input line 5.
LaTeX Font Info:    Checking defaults for OMS/cmsy/m/n on input line 5.
LaTeX Font Info:    ... okay on input line 5.
LaTeX Font Info:    Checking defaults for OT1/cmr/m/n on input line 5.
LaTeX Font Info:    ... okay on input line 5.
LaTeX Font Info:    Checking defaults for T1/cmr/m/n on input line 5.
LaTeX Font Info:    ... okay on input line 5.
LaTeX Font Info:    Checking defaults for TS1/cmr/m/n on input line 5.
LaTeX Font Info:    ... okay on input line 5.
LaTeX Font Info:    Checking defaults for OMX/cmex/m/n on input line 5.
LaTeX Font Info:    ... okay on input line 5.
LaTeX Font Info:    Checking defaults for U/cmr/m/n on input line 5.
LaTeX Font Info:    ... okay on input line 5.
LaTeX Font Info:    Checking defaults for PD1/pdf/m/n on input line 5.
LaTeX Font Info:    ... okay on input line 5.
LaTeX Font Info:    Checking defaults for PU/pdf/m/n on input line 5.
LaTeX Font Info:    ... okay on input line 5.
LaTeX Info: Redefining \. on input line 5.
LaTeX Info: Redefining \% on input line 5.

*geometry* driver: auto-detecting
*geometry* detected driver: pdftex
*geometry* verbose mode - [ preamble ] result:
* driver: pdftex
* paper: a4paper
* layout: <same size as paper>
* layoutoffset:(h,v)=(0.0pt,0.0pt)
* modes: showframe 
* h-part:(L,W,R)=(42.67912pt, 512.14963pt, 42.67912pt)
* v-part:(T,H,B)=(99.58464pt, 688.5567pt, 56.9055pt)
* \paperwidth=597.50787pt
* \paperheight=845.04684pt
* \textwidth=512.14963pt
* \textheight=688.5567pt
* \oddsidemargin=-29.59087pt
* \evensidemargin=-29.59087pt
* \topmargin=-83.04361pt
* \headheight=85.35826pt
* \headsep=25.0pt
* \topskip=12.0pt
* \footskip=30.0pt
* \marginparwidth=35.0pt
* \marginparsep=10.0pt
* \columnsep=10.0pt
* \skip\footins=10.8pt plus 4.0pt minus 2.0pt
* \hoffset=0.0pt
* \voffset=0.0pt
* \mag=1000
* \@twocolumnfalse
* \@twosidefalse
* \@mparswitchfalse
* \@reversemarginfalse
* (1in=72.27pt=25.4mm, 1cm=28.453pt)

Package hyperref Info: Link coloring ON on input line 5.
(unirMuchosArchivos.out) (unirMuchosArchivos.out)
\@outlinefile=\write4
\openout4 = `unirMuchosArchivos.out'.

\c@mv@tabular=\count339
\c@mv@boldtabular=\count340

(C:\Program Files\MiKTeX\tex/context/base/mkii\supp-pdf.mkii
[Loading MPS to PDF converter (version 2006.09.02).]
\scratchcounter=\count341
\scratchdimen=\dimen317
\scratchbox=\box74
\nofMPsegments=\count342
\nofMParguments=\count343
\everyMPshowfont=\toks46
\MPscratchCnt=\count344
\MPscratchDim=\dimen318
\MPnumerator=\count345
\makeMPintoPDFobject=\count346
\everyMPtoPDFconversion=\toks47
) (C:\Program Files\MiKTeX\tex/latex/epstopdf-pkg\epstopdf-base.sty
Package: epstopdf-base 2020-01-24 v2.11 Base part for package epstopdf

(C:\Users\l\AppData\Roaming\MiKTeX\tex/latex/grfext\grfext.sty
Package: grfext 2019/12/03 v1.3 Manage graphics extensions (HO)
)
Package epstopdf-base Info: Redefining graphics rule for `.eps' on input line 4
85.
Package grfext Info: Graphics extension search list:
(grfext)             [.pdf,.png,.jpg,.mps,.jpeg,.jbig2,.jb2,.PDF,.PNG,.JPG,.JPE
G,.JBIG2,.JB2,.eps]
(grfext)             \AppendGraphicsExtensions on input line 504.

(C:\Program Files\MiKTeX\tex/latex/00miktex\epstopdf-sys.cfg
File: epstopdf-sys.cfg 2021/03/18 v2.0 Configuration of epstopdf for MiKTeX
))
Package caption Info: Begin \AtBeginDocument code.
Package caption Info: wrapfig package is loaded.
Package caption Info: End \AtBeginDocument code.

(Settings/inicial.tex) (Secciones/00portada.tex

pdfTeX warning: pdflatex.exe (file ./Figuras/cover.pdf): PDF inclusion: found P
DF version <1.6>, but at most version <1.5> allowed
<./Figuras/cover.pdf, id=130, 597.45204pt x 845.1575pt>
File: ./Figuras/cover.pdf Graphic file (type pdf)
<use ./Figuras/cover.pdf>
Package pdftex.def Info: ./Figuras/cover.pdf  used on input line 5.
(pdftex.def)             Requested size: 597.50787pt x 845.24571pt.
LaTeX Font Info:    Font shape `T1/CourierOneZeroPitch-TLF/regular/n' will be
(Font)              scaled to size 40.0pt on input line 14.
LaTeX Font Info:    Font shape `T1/CourierOneZeroPitch-TLF/bold/n' will be
(Font)              scaled to size 40.0pt on input line 14.
LaTeX Font Info:    Font shape `T1/CourierOneZeroPitch-TLF/bold/n' will be
(Font)              scaled to size 12.0pt on input line 24.
[1

{C:/Users/l/AppData/Local/MiKTeX/fonts/map/pdftex/pdftex.map}{C:/Users/l/AppDat
a/Roaming/MiKTeX/fonts/enc/dvips/courierten/a_n2okah.enc} <./Figuras/cover.pdf>
])
LaTeX Font Info:    Font shape `T1/CourierOneZeroPitch-TLF/regular/n' will be
(Font)              scaled to size 17.28pt on input line 11.
LaTeX Font Info:    Font shape `T1/CourierOneZeroPitch-TLF/bold/n' will be
(Font)              scaled to size 17.28pt on input line 11.
 (unirMuchosArchivos.toc
LaTeX Info: Redefining \. on input line 1.
LaTeX Info: Redefining \% on input line 1.

Overfull \hbox (1.29596pt too wide) detected at line 11
\T1/CourierOneZeroPitch-TLF/regular/n/12 9.1. 
 []


Overfull \hbox (1.29596pt too wide) detected at line 12
\T1/CourierOneZeroPitch-TLF/regular/n/12 9.2. 
 []


Overfull \hbox (3.672pt too wide) detected at line 13
\T1/CourierOneZeroPitch-TLF/bold/n/12 10. 
 []


Overfull \hbox (3.672pt too wide) detected at line 14
\T1/CourierOneZeroPitch-TLF/bold/n/12 11. 
 []


Overfull \hbox (3.672pt too wide) detected at line 15
\T1/CourierOneZeroPitch-TLF/bold/n/12 12. 
 []


Overfull \hbox (3.672pt too wide) detected at line 16
\T1/CourierOneZeroPitch-TLF/bold/n/12 13. 
 []


Overfull \hbox (3.672pt too wide) detected at line 17
\T1/CourierOneZeroPitch-TLF/bold/n/12 14. 
 []


Overfull \hbox (3.672pt too wide) detected at line 18
\T1/CourierOneZeroPitch-TLF/bold/n/12 15. 
 []


Overfull \hbox (3.672pt too wide) detected at line 19
\T1/CourierOneZeroPitch-TLF/bold/n/12 16. 
 []


Overfull \hbox (3.672pt too wide) detected at line 20
\T1/CourierOneZeroPitch-TLF/bold/n/12 17. 
 []


Overfull \hbox (3.672pt too wide) detected at line 21
\T1/CourierOneZeroPitch-TLF/bold/n/12 18. 
 []


Overfull \hbox (3.672pt too wide) detected at line 22
\T1/CourierOneZeroPitch-TLF/bold/n/12 19. 
 []


Overfull \hbox (3.672pt too wide) detected at line 23
\T1/CourierOneZeroPitch-TLF/bold/n/12 20. 
 []


Overfull \hbox (3.672pt too wide) detected at line 24
\T1/CourierOneZeroPitch-TLF/bold/n/12 21. 
 []


Overfull \hbox (3.672pt too wide) detected at line 25
\T1/CourierOneZeroPitch-TLF/bold/n/12 22. 
 []


Overfull \hbox (3.672pt too wide) detected at line 26
\T1/CourierOneZeroPitch-TLF/bold/n/12 23. 
 []


Overfull \hbox (3.672pt too wide) detected at line 27
\T1/CourierOneZeroPitch-TLF/bold/n/12 24. 
 []

<./Figuras/logox.png, id=166, 199.49532pt x 56.46094pt>
File: ./Figuras/logox.png Graphic file (type png)
<use ./Figuras/logox.png>
Package pdftex.def Info: ./Figuras/logox.png  used on input line 28.
(pdftex.def)             Requested size: 76.8193pt x 21.7414pt.
LaTeX Font Info:    Font shape `T1/CourierOneZeroPitch-TLF/regular/n' will be
(Font)              scaled to size 10.95pt on input line 28.

pdfTeX warning (ext4): destination with the same identifier (name{page.1}) has 
been already used, duplicate ignored
<to be read again> 
                   \relax 
l.28 ...e {25}Matrices y arreglos}{14}{section.25}
                                                  % [1 <./Figuras/logox.png>]
Overfull \hbox (3.672pt too wide) detected at line 28
\T1/CourierOneZeroPitch-TLF/bold/n/12 25. 
 []


Overfull \hbox (3.672pt too wide) detected at line 29
\T1/CourierOneZeroPitch-TLF/bold/n/12 26. 
 []


Overfull \hbox (3.672pt too wide) detected at line 30
\T1/CourierOneZeroPitch-TLF/bold/n/12 27. 
 []


Overfull \hbox (3.672pt too wide) detected at line 31
\T1/CourierOneZeroPitch-TLF/bold/n/12 28. 
 []


Overfull \hbox (3.672pt too wide) detected at line 32
\T1/CourierOneZeroPitch-TLF/bold/n/12 29. 
 []

)
\tf@toc=\write5
\openout5 = `unirMuchosArchivos.toc'.

File: ./Figuras/logox.png Graphic file (type png)
<use ./Figuras/logox.png>
Package pdftex.def Info: ./Figuras/logox.png  used on input line 12.
(pdftex.def)             Requested size: 76.8193pt x 21.7414pt.
 [2] (Secciones/01introduccion.tex
File: ./Figuras/logox.png Graphic file (type png)
<use ./Figuras/logox.png>
Package pdftex.def Info: ./Figuras/logox.png  used on input line 46.
(pdftex.def)             Requested size: 76.8193pt x 21.7414pt.
 [3]
File: ./Figuras/logox.png Graphic file (type png)
<use ./Figuras/logox.png>
Package pdftex.def Info: ./Figuras/logox.png  used on input line 76.
(pdftex.def)             Requested size: 76.8193pt x 21.7414pt.
 [4]
LaTeX Font Info:    Font shape `T1/CourierOneZeroPitch-TLF/regular/n' will be
(Font)              scaled to size 14.4pt on input line 78.
LaTeX Font Info:    Font shape `T1/CourierOneZeroPitch-TLF/bold/n' will be
(Font)              scaled to size 14.4pt on input line 78.
File: ./Figuras/logox.png Graphic file (type png)
<use ./Figuras/logox.png>
Package pdftex.def Info: ./Figuras/logox.png  used on input line 109.
(pdftex.def)             Requested size: 76.8193pt x 21.7414pt.
 [5]
<./Figuras/flujo.png, id=193, 599.23875pt x 262.73157pt>
File: ./Figuras/flujo.png Graphic file (type png)
<use ./Figuras/flujo.png>
Package pdftex.def Info: ./Figuras/flujo.png  used on input line 119.
(pdftex.def)             Requested size: 128.0374pt x 56.13339pt.

Underfull \hbox (badness 10000) in paragraph at lines 126--127
[]\T1/CourierOneZeroPitch-TLF/regular/n/12 sfsdafa sagdgdf ggfdg gdfg gd gfdg g
fgsgf ggsfg ggsdfg jhgjghjhk
 []


Underfull \hbox (badness 10000) in paragraph at lines 126--127
\T1/CourierOneZeroPitch-TLF/regular/n/12 kjhgkhgkhg khgkhgkgh kjhkhkggkh khgkhg
kh vxcvx cvxcv xcbcbvc bvcbv
 []

File: ./Figuras/flujo.png Graphic file (type png)
<use ./Figuras/flujo.png>
Package pdftex.def Info: ./Figuras/flujo.png  used on input line 130.
(pdftex.def)             Requested size: 114.08116pt x 50.01572pt.

Underfull \hbox (badness 10000) in paragraph at lines 131--131
[][]\T1/CourierOneZeroPitch-TLF/bold/n/12 Figura 2\T1/CourierOneZeroPitch-TLF/r
egular/n/12 :
 []


Underfull \hbox (badness 10000) in paragraph at lines 131--131
|\T1/CourierOneZeroPitch-TLF/regular/n/12 Representación
 []


Underfull \hbox (badness 10000) in paragraph at lines 135--136
[][]\T1/CourierOneZeroPitch-TLF/regular/n/12 ggfdg gdfg gd gfdg gfgsgf ggsfg gg
sdfg jhgjghjhk
 []


Underfull \hbox (badness 10000) in paragraph at lines 135--136
\T1/CourierOneZeroPitch-TLF/regular/n/12 kjhgkhgkhg khgkhgkgh kjhkhkggkh khgkhg
kh vxcvx
 []


Underfull \hbox (badness 10000) in paragraph at lines 135--136
\T1/CourierOneZeroPitch-TLF/regular/n/12 cvxcv xcbcbvc bvcbv cbcvvnv nbmbn mnbm
n bmn bmnb
 []


Underfull \hbox (badness 10000) in paragraph at lines 137--138
[]\T1/CourierOneZeroPitch-TLF/regular/n/12 sfsdafa sagdgdf ggfdg gdfg gd gfdg g
fgsgf ggsfg
 []


Underfull \hbox (badness 10000) in paragraph at lines 137--138
\T1/CourierOneZeroPitch-TLF/regular/n/12 ggsdfg jhgjghjhk kjhgkhgkhg khgkhgkgh 
kjhkhkggkh
 []


Underfull \hbox (badness 10000) in paragraph at lines 137--138
\T1/CourierOneZeroPitch-TLF/regular/n/12 khgkhgkh vxcvx cvxcv xcbcbvc bvcbv cbc
vvnv nbmbn
 []


Package wrapfig Warning: Collision between wrapping environments on input line 
139.

File: ./Figuras/flujo.png Graphic file (type png)
<use ./Figuras/flujo.png>
Package pdftex.def Info: ./Figuras/flujo.png  used on input line 141.
(pdftex.def)             Requested size: 114.08116pt x 50.01572pt.

Underfull \hbox (badness 10000) in paragraph at lines 142--142
[][]\T1/CourierOneZeroPitch-TLF/bold/n/12 Figura 3\T1/CourierOneZeroPitch-TLF/r
egular/n/12 :
 []


Underfull \hbox (badness 10000) in paragraph at lines 142--142
|\T1/CourierOneZeroPitch-TLF/regular/n/12 Representación
 []


Package wrapfig Warning: Stationary wrapfigure forced to float on input line 14
6.


Underfull \hbox (badness 10000) in paragraph at lines 146--147
[]\T1/CourierOneZeroPitch-TLF/regular/n/12 sfsdafa sagdgdf ggfdg gdfg gd gfdg g
fgsgf ggsfg
 []


Underfull \hbox (badness 10000) in paragraph at lines 146--147
\T1/CourierOneZeroPitch-TLF/regular/n/12 ggsdfg jhgjghjhk kjhgkhgkhg khgkhgkgh 
kjhkhkggkh
 []


Underfull \hbox (badness 10000) in paragraph at lines 146--147
\T1/CourierOneZeroPitch-TLF/regular/n/12 khgkhgkh vxcvx cvxcv xcbcbvc bvcbv cbc
vvnv nbmbn mnbmn bmn bmnb
 []


Underfull \hbox (badness 10000) in paragraph at lines 150--151
[]\T1/CourierOneZeroPitch-TLF/regular/n/12 ggfdg gdfg gd gfdg gfgsgf ggsfg ggsd
fg jhgjghjhk
 []


Underfull \hbox (badness 10000) in paragraph at lines 150--151
\T1/CourierOneZeroPitch-TLF/regular/n/12 kjhgkhgkhg khgkhgkgh kjhkhkggkh khgkhg
kh vxcvx
 []


Underfull \hbox (badness 10000) in paragraph at lines 150--151
\T1/CourierOneZeroPitch-TLF/regular/n/12 cvxcv xcbcbvc bvcbv cbcvvnv nbmbn mnbm
n bmn bmnb
 []


Underfull \hbox (badness 10000) in paragraph at lines 152--153
[]\T1/CourierOneZeroPitch-TLF/regular/n/12 sfsdafa sagdgdf ggfdg gdfg gd gfdg g
fgsgf ggsfg
 []


Underfull \hbox (badness 10000) in paragraph at lines 152--153
\T1/CourierOneZeroPitch-TLF/regular/n/12 ggsdfg jhgjghjhk kjhgkhgkhg khgkhgkgh 
kjhkhkggkh
 []


Underfull \hbox (badness 10000) in paragraph at lines 152--153
\T1/CourierOneZeroPitch-TLF/regular/n/12 khgkhgkh vxcvx cvxcv xcbcbvc bvcbv cbc
vvnv nbmbn
 []

File: ./Figuras/flujo.png Graphic file (type png)
<use ./Figuras/flujo.png>
Package pdftex.def Info: ./Figuras/flujo.png  used on input line 160.
(pdftex.def)             Requested size: 307.2929pt x 134.73297pt.
File: ./Figuras/logox.png Graphic file (type png)
<use ./Figuras/logox.png>
Package pdftex.def Info: ./Figuras/logox.png  used on input line 164.
(pdftex.def)             Requested size: 76.8193pt x 21.7414pt.
[6 <./Figuras/flujo.png>]
<./Figuras/grafica_torta.png, id=205, 552.0625pt x 552.0625pt>
File: ./Figuras/grafica_torta.png Graphic file (type png)
<use ./Figuras/grafica_torta.png>
Package pdftex.def Info: ./Figuras/grafica_torta.png  used on input line 173.
(pdftex.def)             Requested size: 102.42836pt x 102.42479pt.
<./Figuras/grafica_barras.png, id=206, 411.136pt x 411.136pt>
File: ./Figuras/grafica_barras.png Graphic file (type png)
<use ./Figuras/grafica_barras.png>
Package pdftex.def Info: ./Figuras/grafica_barras.png  used on input line 180.
(pdftex.def)             Requested size: 102.42836pt x 102.42616pt.
File: ./Figuras/grafica_torta.png Graphic file (type png)
<use ./Figuras/grafica_torta.png>
Package pdftex.def Info: ./Figuras/grafica_torta.png  used on input line 189.
(pdftex.def)             Requested size: 92.18489pt x 92.18147pt.
File: ./Figuras/grafica_barras.png Graphic file (type png)
<use ./Figuras/grafica_barras.png>
Package pdftex.def Info: ./Figuras/grafica_barras.png  used on input line 195.
(pdftex.def)             Requested size: 92.18489pt x 92.18166pt.

Underfull \hbox (badness 10000) in paragraph at lines 199--199
[][]\T1/CourierOneZeroPitch-TLF/bold/n/12 Figura 7\T1/CourierOneZeroPitch-TLF/r
egular/n/12 : |Este es el caso donde se pueden poner 2 o más subfiguras la
 []


LaTeX Warning: `h' float specifier changed to `ht'.

File: ./Figuras/logox.png Graphic file (type png)
<use ./Figuras/logox.png>
Package pdftex.def Info: ./Figuras/logox.png  used on input line 205.
(pdftex.def)             Requested size: 76.8193pt x 21.7414pt.
[7 <./Figuras/grafica_torta.png> <./Figuras/grafica_barras.png>])
(Secciones/02metologia.tex
<./Figuras/tex_lion.png, id=219, 2057.6875pt x 1826.825pt>
File: ./Figuras/tex_lion.png Graphic file (type png)
<use ./Figuras/tex_lion.png>
Package pdftex.def Info: ./Figuras/tex_lion.png  used on input line 7.
(pdftex.def)             Requested size: 121.68912pt x 108.01588pt.

Underfull \hbox (badness 10000) in paragraph at lines 4--10
[]\T1/CourierOneZeroPitch-TLF/regular/n/12 ggfdg gdfg gd gfdg gfgsgf ggsfg ggsd
fg jhgjghjhk kjhgkhgkhg
 []


Underfull \hbox (badness 10000) in paragraph at lines 4--10
\T1/CourierOneZeroPitch-TLF/regular/n/12 khgkhgkgh kjhkhkggkh khgkhgkh vxcvx cv
xcv xcbcbvc bvcbv
 []


Underfull \hbox (badness 10000) in paragraph at lines 4--10
\T1/CourierOneZeroPitch-TLF/regular/n/12 cbcvvnv nbmbn mnbmn bmn bmnb nbmnbmnb 
mn mnb mnbmbnmnb.
 []


Underfull \hbox (badness 10000) in paragraph at lines 10--12
[]\T1/CourierOneZeroPitch-TLF/regular/n/12 ggfdg gdfg gd gfdg gfgsgf ggsfg ggsd
fg
 []


Underfull \hbox (badness 10000) in paragraph at lines 10--12
\T1/CourierOneZeroPitch-TLF/regular/n/12 jhgjghjhk kjhgkhgkhg khgkhgkgh kjhkhkg
gkh
 []


Underfull \hbox (badness 10000) in paragraph at lines 10--12
\T1/CourierOneZeroPitch-TLF/regular/n/12 khgkhgkh vxcvx cvxcv xcbcbvc bvcbv cbc
vvnv
 []


Package wrapfig Warning: Collision between wrapping environments on input line 
17.

File: ./Figuras/tex_lion.png Graphic file (type png)
<use ./Figuras/tex_lion.png>
Package pdftex.def Info: ./Figuras/tex_lion.png  used on input line 19.
(pdftex.def)             Requested size: 82.78197pt x 73.47867pt.

Underfull \hbox (badness 10000) in paragraph at lines 20--20
[][]\T1/CourierOneZeroPitch-TLF/bold/n/12 Figura 9\T1/CourierOneZeroPitch-TLF/r
egular/n/12 : |El
 []


Underfull \hbox (badness 10000) in paragraph at lines 14--22
[]\T1/CourierOneZeroPitch-TLF/regular/n/12 ggfdg gdfg gd gfdg gfgsgf ggsfg ggsd
fg
 []


Underfull \hbox (badness 10000) in paragraph at lines 14--22
\T1/CourierOneZeroPitch-TLF/regular/n/12 jhgjghjhk kjhgkhgkhg khgkhgkgh kjhkhkg
gkh
 []


Underfull \hbox (badness 10000) in paragraph at lines 14--22
\T1/CourierOneZeroPitch-TLF/regular/n/12 khgkhgkh vxcvx cvxcv xcbcbvc bvcbv cbc
vvnv
 []


Underfull \hbox (badness 10000) in paragraph at lines 14--22
\T1/CourierOneZeroPitch-TLF/regular/n/12 nbmbn mnbmn bmn bmnb nbmnbmnb mn mnb m
nbmbnmnb.
 []


Underfull \hbox (badness 10000) in paragraph at lines 14--22
\T1/CourierOneZeroPitch-TLF/regular/n/12 ggfdg gdfg gd gfdg gfgsgf ggsfg ggsdfg

 []


Underfull \hbox (badness 10000) in paragraph at lines 14--22
\T1/CourierOneZeroPitch-TLF/regular/n/12 jhgjghjhk kjhgkhgkhg khgkhgkgh kjhkhkg
gkh
 []


Underfull \hbox (badness 10000) in paragraph at lines 14--22
\T1/CourierOneZeroPitch-TLF/regular/n/12 khgkhgkh vxcvx cvxcv xcbcbvc bvcbv cbc
vvnv nbmbn mnbmn bmn bmnb
 []


Underfull \hbox (badness 10000) in paragraph at lines 14--22
\T1/CourierOneZeroPitch-TLF/regular/n/12 nbmnbmnb mn mnb mnbmbnmnb. ggfdg gdfg 
gd gfdg gfgsgf ggsfg ggsdfg
 []


Underfull \hbox (badness 10000) in paragraph at lines 14--22
\T1/CourierOneZeroPitch-TLF/regular/n/12 jhgjghjhk kjhgkhgkhg khgkhgkgh kjhkhkg
gkh khgkhgkh vxcvx cvxcv
 []


Underfull \hbox (badness 10000) in paragraph at lines 14--22
\T1/CourierOneZeroPitch-TLF/regular/n/12 xcbcbvc bvcbv cbcvvnv nbmbn mnbmn bmn 
bmnb nbmnbmnb mn mnb mnbmbnmnb.
 []


Package wrapfig Warning: Stationary wrapfigure forced to float on input line 22
.


Underfull \hbox (badness 10000) in paragraph at lines 22--26
\T1/CourierOneZeroPitch-TLF/regular/n/12 ggfdg gdfg gd gfdg gfgsgf ggsfg ggsdfg
 jhgjghjhk kjhgkhgkhg khgkhgkgh
 []


Underfull \hbox (badness 10000) in paragraph at lines 22--26
\T1/CourierOneZeroPitch-TLF/regular/n/12 kjhkhkggkh khgkhgkh vxcvx cvxcv xcbcbv
c bvcbv cbcvvnv nbmbn mnbmn
 []


Underfull \hbox (badness 10000) in paragraph at lines 22--26
\T1/CourierOneZeroPitch-TLF/regular/n/12 bmn bmnb nbmnbmnb mn mnb mnbmbnmnb. gg
fdg gdfg gd gfdg gfgsgf ggsfg
 []


Underfull \hbox (badness 10000) in paragraph at lines 22--26
\T1/CourierOneZeroPitch-TLF/regular/n/12 ggsdfg jhgjghjhk kjhgkhgkhg khgkhgkgh 
kjhkhkggkh khgkhgkh vxcvx cvxcv
 []


Underfull \hbox (badness 10000) in paragraph at lines 22--26
\T1/CourierOneZeroPitch-TLF/regular/n/12 xcbcbvc bvcbv cbcvvnv nbmbn mnbmn bmn 
bmnb nbmnbmnb mn mnb mnbmbnmnb.
 []


Underfull \hbox (badness 10000) in paragraph at lines 22--26
\T1/CourierOneZeroPitch-TLF/regular/n/12 ggfdg gdfg gd gfdg gfgsgf ggsfg ggsdfg
 jhgjghjhk kjhgkhgkhg khgkhgkgh
 []


Underfull \hbox (badness 10000) in paragraph at lines 22--26
\T1/CourierOneZeroPitch-TLF/regular/n/12 kjhkhkggkh khgkhgkh vxcvx cvxcv xcbcbv
c bvcbv cbcvvnv nbmbn mnbmn bmn
 []


Underfull \hbox (badness 10000) in paragraph at lines 27--29
[][]\T1/CourierOneZeroPitch-TLF/regular/n/12 ggfdg gdfg gd gfdg gfgsgf ggsfg gg
sdfg jhgjghjhk
 []


Underfull \hbox (badness 10000) in paragraph at lines 27--29
\T1/CourierOneZeroPitch-TLF/regular/n/12 kjhgkhgkhg khgkhgkgh kjhkhkggkh khgkhg
kh vxcvx cvxcv
 []


Underfull \hbox (badness 10000) in paragraph at lines 27--29
\T1/CourierOneZeroPitch-TLF/regular/n/12 xcbcbvc bvcbv cbcvvnv nbmbn mnbmn bmn 
bmnb nbmnbmnb mn
 []


Underfull \hbox (badness 10000) in paragraph at lines 27--29
\T1/CourierOneZeroPitch-TLF/regular/n/12 mnb mnbmbnmnb. ggfdg gdfg gd gfdg gfgs
gf ggsfg ggsdfg
 []


Underfull \hbox (badness 10000) in paragraph at lines 27--29
\T1/CourierOneZeroPitch-TLF/regular/n/12 jhgjghjhk kjhgkhgkhg khgkhgkgh kjhkhkg
gkh khgkhgkh
 []


Underfull \hbox (badness 10000) in paragraph at lines 27--29
\T1/CourierOneZeroPitch-TLF/regular/n/12 vxcvx cvxcv xcbcbvc bvcbv cbcvvnv nbmb
n mnbmn bmn bmnb
 []


Overfull \hbox (12.50612pt too wide) in paragraph at lines 1--31
[]$[]$ 
 []

File: ./Figuras/logox.png Graphic file (type png)
<use ./Figuras/logox.png>
Package pdftex.def Info: ./Figuras/logox.png  used on input line 32.
(pdftex.def)             Requested size: 76.8193pt x 21.7414pt.
[8]
File: ./Figuras/logox.png Graphic file (type png)
<use ./Figuras/logox.png>
Package pdftex.def Info: ./Figuras/logox.png  used on input line 32.
(pdftex.def)             Requested size: 76.8193pt x 21.7414pt.
 [9 <./Figuras/tex_lion.png>]) (Secciones/03conclusiones.tex
Overfull \hbox (3.93112pt too wide) in paragraph at lines 4--6
[]\T1/CourierOneZeroPitch-TLF/regular/n/12 ggfdg gdfg gd gfdg gfgsgf ggsfg ggsd
fg jhgjghjhk kjhgkhgkhg khgkhgkgh
 []


Overfull \hbox (22.4263pt too wide) in paragraph at lines 4--6
\T1/CourierOneZeroPitch-TLF/regular/n/12 kjhkhkggkh khgkhgkh vxcvx cvxcv xcbcbv
c bvcbv cbcvvnv nbmbn mnbmn bmn bmnb
 []


Overfull \hbox (29.6503pt too wide) in paragraph at lines 4--6
\T1/CourierOneZeroPitch-TLF/regular/n/12 nbmnbmnb mn mnb mnbmbnmnb. ggfdg gdfg 
gd gfdg gfgsgf ggsfg ggsdfg jhgjghjhk
 []


Overfull \hbox (22.4263pt too wide) in paragraph at lines 4--6
\T1/CourierOneZeroPitch-TLF/regular/n/12 kjhgkhgkhg khgkhgkgh kjhkhkggkh khgkhg
kh vxcvx cvxcv xcbcbvc bvcbv cbcvvnv
 []



pdfTeX warning: pdflatex.exe (file ./Figuras/plot.pdf): PDF inclusion: found PD
F version <1.6>, but at most version <1.5> allowed
<./Figuras/plot.pdf, id=231, 240.08696pt x 186.27393pt>
File: ./Figuras/plot.pdf Graphic file (type pdf)
<use ./Figuras/plot.pdf>
Package pdftex.def Info: ./Figuras/plot.pdf  used on input line 9.
(pdftex.def)             Requested size: 307.2929pt x 238.43831pt.
LaTeX Font Info:    Font shape `T1/CourierOneZeroPitch-TLF/regular/n' will be
(Font)              scaled to size 7.0pt on input line 9.
grid=21 x 16. 
LaTeX Font Info:    Font shape `T1/CourierOneZeroPitch-TLF/regular/n' will be
(Font)              scaled to size 8.0pt on input line 27.
LaTeX Font Info:    Font shape `T1/CourierOneZeroPitch-TLF/regular/n' will be
(Font)              scaled to size 10.0pt on input line 27.

Overfull \hbox (3.93112pt too wide) in paragraph at lines 24--28
[]\T1/CourierOneZeroPitch-TLF/regular/n/12 ggfdg gdfg gd gfdg gfgsgf ggsfg ggsd
fg jhgjghjhk kjhgkhgkhg khgkhgkgh
 []


Overfull \hbox (22.4263pt too wide) in paragraph at lines 24--28
\T1/CourierOneZeroPitch-TLF/regular/n/12 kjhkhkggkh khgkhgkh vxcvx cvxcv xcbcbv
c bvcbv cbcvvnv nbmbn mnbmn bmn bmnb
 []


Overfull \hbox (29.6503pt too wide) in paragraph at lines 24--28
\T1/CourierOneZeroPitch-TLF/regular/n/12 nbmnbmnb mn mnb mnbmbnmnb. ggfdg gdfg 
gd gfdg gfgsgf ggsfg ggsdfg jhgjghjhk
 []


Overfull \hbox (22.4263pt too wide) in paragraph at lines 24--28
\T1/CourierOneZeroPitch-TLF/regular/n/12 kjhgkhgkhg khgkhgkgh kjhkhkggkh khgkhg
kh vxcvx cvxcv xcbcbvc bvcbv cbcvvnv
 []


Overfull \hbox (15.2023pt too wide) in paragraph at lines 24--28
\T1/CourierOneZeroPitch-TLF/regular/n/12 nbmbn mnbmn bmn bmnb nbmnbmnb mn mnb m
nbmbnmnb. ggfdg gdfg gd gfdg gfgsgf
 []


Overfull \hbox (29.6503pt too wide) in paragraph at lines 24--28
\T1/CourierOneZeroPitch-TLF/regular/n/12 ggsfg ggsdfg jhgjghjhk kjhgkhgkhg khgk
hgkgh kjhkhkggkh khgkhgkh vxcvx cvxcv
 []


Overfull \hbox (29.6503pt too wide) in paragraph at lines 24--28
\T1/CourierOneZeroPitch-TLF/regular/n/12 xcbcbvc bvcbv cbcvvnv nbmbn mnbmn bmn 
bmnb nbmnbmnb mn mnb mnbmbnmnb. ggfdg
 []


Overfull \hbox (22.4263pt too wide) in paragraph at lines 24--28
\T1/CourierOneZeroPitch-TLF/regular/n/12 gdfg gd gfdg gfgsgf ggsfg ggsdfg jhgjg
hjhk kjhgkhgkhg khgkhgkgh kjhkhkggkh
 []


Overfull \hbox (7.9783pt too wide) in paragraph at lines 24--28
\T1/CourierOneZeroPitch-TLF/regular/n/12 khgkhgkh vxcvx cvxcv xcbcbvc bvcbv cbc
vvnv nbmbn mnbmn bmn bmnb nbmnbmnb
 []


LaTeX Warning: `h' float specifier changed to `ht'.


Overfull \hbox (3.93112pt too wide) in paragraph at lines 49--50
[]\T1/CourierOneZeroPitch-TLF/regular/n/12 ggfdg gdfg gd gfdg gfgsgf ggsfg ggsd
fg jhgjghjhk kjhgkhgkhg khgkhgkgh
 []


Overfull \hbox (22.4263pt too wide) in paragraph at lines 49--50
\T1/CourierOneZeroPitch-TLF/regular/n/12 kjhkhkggkh khgkhgkh vxcvx cvxcv xcbcbv
c bvcbv cbcvvnv nbmbn mnbmn bmn bmnb
 []

File: ./Figuras/logox.png Graphic file (type png)
<use ./Figuras/logox.png>
Package pdftex.def Info: ./Figuras/logox.png  used on input line 50.
(pdftex.def)             Requested size: 76.8193pt x 21.7414pt.
[10

 <./Figuras/plot.pdf, page is rotated 90 degrees>]
Underfull \hbox (badness 10000) in paragraph at lines 59--59
[]|\T1/CourierOneZeroPitch-TLF/regular/n/12 Permanente
 []


Underfull \hbox (badness 10000) in paragraph at lines 59--59
\T1/CourierOneZeroPitch-TLF/regular/n/12 de valor no
 []


Underfull \hbox (badness 10000) in paragraph at lines 81--81
[]|\T1/CourierOneZeroPitch-TLF/regular/n/12 Permanente
 []


Underfull \hbox (badness 10000) in paragraph at lines 81--81
\T1/CourierOneZeroPitch-TLF/regular/n/12 de valor no
 []


Overfull \hbox (47.27512pt too wide) in paragraph at lines 91--92
[]\T1/CourierOneZeroPitch-TLF/regular/n/12 sfsdafa sagdgdf ggfdg gdfg gd gfdg g
fgsgf ggsfg ggsdfg jhgjghjhk kjhgkhgkhg
 []


Overfull \hbox (29.6503pt too wide) in paragraph at lines 91--92
\T1/CourierOneZeroPitch-TLF/regular/n/12 khgkhgkgh kjhkhkggkh khgkhgkh vxcvx cv
xcv xcbcbvc bvcbv cbcvvnv nbmbn mnbmn
 []


Overfull \hbox (3.93112pt too wide) in paragraph at lines 95--96
[]\T1/CourierOneZeroPitch-TLF/regular/n/12 ggfdg gdfg gd gfdg gfgsgf ggsfg ggsd
fg jhgjghjhk kjhgkhgkhg khgkhgkgh
 []


Overfull \hbox (22.4263pt too wide) in paragraph at lines 95--96
\T1/CourierOneZeroPitch-TLF/regular/n/12 kjhkhkggkh khgkhgkh vxcvx cvxcv xcbcbv
c bvcbv cbcvvnv nbmbn mnbmn bmn bmnb
 []


Overfull \hbox (7.44pt too wide) in paragraph at lines 104--104
[]|\T1/CourierOneZeroPitch-TLF/bold/n/12 Etapa| 
 []


Overfull \hbox (1.90808pt too wide) in paragraph at lines 104--104
[]|\T1/CourierOneZeroPitch-TLF/bold/n/12 Ene-Mar| 
 []


Overfull \hbox (1.90808pt too wide) in paragraph at lines 104--104
[]|\T1/CourierOneZeroPitch-TLF/bold/n/12 Abr-Jun| 
 []


Overfull \hbox (1.90808pt too wide) in paragraph at lines 104--104
[]|\T1/CourierOneZeroPitch-TLF/bold/n/12 Jul-Set| 
 []


Overfull \hbox (1.90808pt too wide) in paragraph at lines 104--104
[]|\T1/CourierOneZeroPitch-TLF/bold/n/12 Oct-Dic| 
 []


Underfull \hbox (badness 10000) in paragraph at lines 106--106
[]|\T1/CourierOneZeroPitch-TLF/regular/n/12 Primer documento a
 []


Underfull \hbox (badness 10000) in paragraph at lines 107--107
[]|\T1/CourierOneZeroPitch-TLF/regular/n/12 Segundo documento, más
 []


Underfull \hbox (badness 10000) in paragraph at lines 108--108
[]|\T1/CourierOneZeroPitch-TLF/regular/n/12 Este tema mejor que no
 []


Underfull \hbox (badness 10000) in paragraph at lines 109--109
[]|\T1/CourierOneZeroPitch-TLF/regular/n/12 Otro tema interesante en
 []


Underfull \hbox (badness 10000) in paragraph at lines 110--110
[]|\T1/CourierOneZeroPitch-TLF/regular/n/12 Esto es importante,
 []


Underfull \hbox (badness 10000) in paragraph at lines 111--111
[]|\T1/CourierOneZeroPitch-TLF/regular/n/12 Un documento para ver
 []


Underfull \hbox (badness 10000) in paragraph at lines 112--112
[]|\T1/CourierOneZeroPitch-TLF/regular/n/12 Informe de evaluación
 []


Underfull \hbox (badness 10000) in paragraph at lines 114--114
[]|\T1/CourierOneZeroPitch-TLF/regular/n/12 Recomendaciones
 []


Overfull \hbox (18.37912pt too wide) in paragraph at lines 119--120
[]\T1/CourierOneZeroPitch-TLF/regular/n/12 final de la tabla gdfg gd gfdg gfgsg
f ggsfg ggsdfg jhgjghjhk kjhgkhgkhg
 []


Overfull \hbox (29.6503pt too wide) in paragraph at lines 119--120
\T1/CourierOneZeroPitch-TLF/regular/n/12 khgkhgkgh kjhkhkggkh khgkhgkh vxcvx cv
xcv xcbcbvc bvcbv cbcvvnv nbmbn mnbmn
 []

File: ./Figuras/logox.png Graphic file (type png)
<use ./Figuras/logox.png>
Package pdftex.def Info: ./Figuras/logox.png  used on input line 121.
(pdftex.def)             Requested size: 76.8193pt x 21.7414pt.
[11]
Overfull \hbox (3.93112pt too wide) in paragraph at lines 125--126
[]\T1/CourierOneZeroPitch-TLF/regular/n/12 ggfdg gdfg gd gfdg gfgsgf ggsfg ggsd
fg jhgjghjhk kjhgkhgkhg khgkhgkgh
 []


Overfull \hbox (22.4263pt too wide) in paragraph at lines 125--126
\T1/CourierOneZeroPitch-TLF/regular/n/12 kjhkhkggkh khgkhgkh vxcvx cvxcv xcbcbv
c bvcbv cbcvvnv nbmbn mnbmn bmn bmnb
 []


Overfull \hbox (3.93112pt too wide) in paragraph at lines 127--128
[]\T1/CourierOneZeroPitch-TLF/regular/n/12 ggfdg gdfg gd gfdg gfgsgf ggsfg ggsd
fg jhgjghjhk kjhgkhgkhg khgkhgkgh
 []


Overfull \hbox (22.4263pt too wide) in paragraph at lines 127--128
\T1/CourierOneZeroPitch-TLF/regular/n/12 kjhkhkggkh khgkhgkh vxcvx cvxcv xcbcbv
c bvcbv cbcvvnv nbmbn mnbmn bmn bmnb
 []

<example-image-a.pdf, id=257, 321.2pt x 240.9pt>
File: example-image-a.pdf Graphic file (type pdf)
<use example-image-a.pdf>
Package pdftex.def Info: example-image-a.pdf  used on input line 132.
(pdftex.def)             Requested size: 240.71094pt x 180.53853pt.
<example-image-b.pdf, id=258, 321.2pt x 240.9pt>
File: example-image-b.pdf Graphic file (type pdf)
<use example-image-b.pdf>
Package pdftex.def Info: example-image-b.pdf  used on input line 135.
(pdftex.def)             Requested size: 240.71094pt x 180.53853pt.
File: ./Figuras/logox.png Graphic file (type png)
<use ./Figuras/logox.png>
Package pdftex.def Info: ./Figuras/logox.png  used on input line 137.
(pdftex.def)             Requested size: 76.8193pt x 21.7414pt.
[12]
File: example-image-a.pdf Graphic file (type pdf)
<use example-image-a.pdf>
Package pdftex.def Info: example-image-a.pdf  used on input line 141.
(pdftex.def)             Requested size: 240.71094pt x 180.53853pt.


Package caption Warning: The option `hypcap=true' will be ignored for this
(caption)                particular \caption on input line 142.
See the caption package documentation for explanation.


Underfull \hbox (badness 10000) in paragraph at lines 142--142
[][]\T1/CourierOneZeroPitch-TLF/bold/n/12 Figura 11\T1/CourierOneZeroPitch-TLF/
regular/n/12 : |[]Leyenda de la figura
 []


Underfull \hbox (badness 10000) in paragraph at lines 145--146
[]\T1/CourierOneZeroPitch-TLF/regular/n/12 ggfdg gdfg gd gfdg
 []


Underfull \hbox (badness 10000) in paragraph at lines 145--146
\T1/CourierOneZeroPitch-TLF/regular/n/12 gfgsgf ggsfg ggsdfg
 []


Underfull \hbox (badness 10000) in paragraph at lines 145--146
\T1/CourierOneZeroPitch-TLF/regular/n/12 jhgjghjhk kjhgkhgkhg
 []


Underfull \hbox (badness 10000) in paragraph at lines 145--146
\T1/CourierOneZeroPitch-TLF/regular/n/12 khgkhgkgh kjhkhkggkh
 []


Underfull \hbox (badness 10000) in paragraph at lines 145--146
\T1/CourierOneZeroPitch-TLF/regular/n/12 khgkhgkh vxcvx cvxcv
 []


Underfull \hbox (badness 10000) in paragraph at lines 145--146
\T1/CourierOneZeroPitch-TLF/regular/n/12 xcbcbvc bvcbv cbcvvnv
 []


Underfull \hbox (badness 10000) in paragraph at lines 145--146
\T1/CourierOneZeroPitch-TLF/regular/n/12 nbmbn mnbmn bmn
 []


Underfull \hbox (badness 10000) in paragraph at lines 145--146
\T1/CourierOneZeroPitch-TLF/regular/n/12 bmnb nbmnbmnb mn mnb
 []


Overfull \hbox (3.93112pt too wide) in paragraph at lines 150--151
[]\T1/CourierOneZeroPitch-TLF/regular/n/12 ggfdg gdfg gd gfdg gfgsgf ggsfg ggsd
fg jhgjghjhk kjhgkhgkhg khgkhgkgh
 []


Overfull \hbox (22.4263pt too wide) in paragraph at lines 150--151
\T1/CourierOneZeroPitch-TLF/regular/n/12 kjhkhkggkh khgkhgkh vxcvx cvxcv xcbcbv
c bvcbv cbcvvnv nbmbn mnbmn bmn bmnb
 []


Overfull \hbox (20.6074pt too wide) in paragraph at lines 152--152
[]\T1/CourierOneZeroPitch-TLF/regular/n/12 Tenemos también $\OML/cmm/m/it/12 f[
]$ \T1/CourierOneZeroPitch-TLF/regular/n/12 o sino $\OML/cmm/m/it/12 x[]$\T1/Co
urierOneZeroPitch-TLF/regular/n/12 , también tenemos $[]$ o sino $[]$ o la raíz
 $\OMS/cmsy/m/n/12 ^^@[]$\T1/CourierOneZeroPitch-TLF/regular/n/12 ,
 []


Overfull \hbox (11.15512pt too wide) in paragraph at lines 154--155
[]\T1/CourierOneZeroPitch-TLF/regular/n/12 La ecuación [][]1[][] se referencia 
solo el número, pero podemos escribir todo
 []

File: ./Figuras/logox.png Graphic file (type png)
<use ./Figuras/logox.png>
Package pdftex.def Info: ./Figuras/logox.png  used on input line 164.
(pdftex.def)             Requested size: 76.8193pt x 21.7414pt.
[13 <C:/Users/l/AppData/Roaming/MiKTeX/tex/latex/mwe/example-image-a.pdf> <C:/U
sers/l/AppData/Roaming/MiKTeX/tex/latex/mwe/example-image-b.pdf>]
Overfull \hbox (42.61806pt too wide) detected at line 236
\OML/cmm/m/it/12 A \OT1/cmr/m/n/12 = [] \OML/cmm/m/it/12 ;  B \OT1/cmr/m/n/12 =
 [] \OML/cmm/m/it/12 ;  C \OT1/cmr/m/n/12 =  [] \OML/cmm/m/it/12 ;  D \OT1/cmr/
m/n/12 = [] \OML/cmm/m/it/12 ;  E \OT1/cmr/m/n/12 = [] \OML/cmm/m/it/12 ;  F \O
T1/cmr/m/n/12 = []
 []


Overfull \hbox (25.60312pt too wide) in paragraph at lines 239--241
[]\T1/CourierOneZeroPitch-TLF/regular/n/12 Ir a asistentes y después asistente 
de matemáticas ... que está al final
 []


Overfull \hbox (7.9783pt too wide) in paragraph at lines 239--241
\T1/CourierOneZeroPitch-TLF/regular/n/12 del menú. No olvidar poner el entorno 
equation para escribir en lenguaje
 []


Overfull \hbox (3.93112pt too wide) in paragraph at lines 248--249
[]\T1/CourierOneZeroPitch-TLF/regular/n/12 Undefined control sequence.- No cono
ce el comando. Está mal escrito o
 []


Overfull \hbox (18.37912pt too wide) in paragraph at lines 252--253
[]\T1/CourierOneZeroPitch-TLF/regular/n/12 Extra } or forggotten $.- Falta cerr
ar una viñeta o entorno matemático. 
 []


Overfull \hbox (3.93112pt too wide) in paragraph at lines 254--255
[]\T1/CourierOneZeroPitch-TLF/regular/n/12 File ended while scannig. . ..- Algo
 empezó con  pero nunca se cerró. 
 []

File: ./Figuras/logox.png Graphic file (type png)
<use ./Figuras/logox.png>
Package pdftex.def Info: ./Figuras/logox.png  used on input line 256.
(pdftex.def)             Requested size: 76.8193pt x 21.7414pt.
[14]
Overfull \hbox (11.15512pt too wide) in paragraph at lines 256--257
[]\T1/CourierOneZeroPitch-TLF/regular/n/12 llegal unit of measure.- No se indic
ó una unidad de medida o distancia
 []


Overfull \hbox (11.15512pt too wide) in paragraph at lines 258--259
[]\T1/CourierOneZeroPitch-TLF/regular/n/12 File `nombre' not found.- No se encu
entra un archivo. No existe o está
 []


Overfull \hbox (9.93114pt too wide) in paragraph at lines 260--261
[]\T1/CourierOneZeroPitch-TLF/regular/n/12 Extra alignment tab has been changed
 to $\OMS/cmsy/m/n/12 n$\T1/CourierOneZeroPitch-TLF/regular/n/12 cr.- Faltan o 
sobran columnas
 []


Overfull \hbox (25.60312pt too wide) in paragraph at lines 262--263
[]\T1/CourierOneZeroPitch-TLF/regular/n/12 Environment `nombre' undefined.- No 
existe o se escribió mal un entorno. 
 []


Underfull \hbox (badness 10000) in paragraph at lines 262--263

 []


Overfull \hbox (40.05112pt too wide) in paragraph at lines 266--267
[]\T1/CourierOneZeroPitch-TLF/regular/n/12 No position in optional float specif
ier.- No se indició posición en figura
 []


Overfull \hbox (25.60312pt too wide) in paragraph at lines 268--269
[]\T1/CourierOneZeroPitch-TLF/regular/n/12 Reference `nombre' undefined.- No se
 encuentra una referencia. No existe
 []


Overfull \hbox (11.15512pt too wide) in paragraph at lines 270--271
[]\T1/CourierOneZeroPitch-TLF/regular/n/12 There were multiply-defined labels.-
 Cuando tenemos más de un elemento
 []

)
File: ./Figuras/logox.png Graphic file (type png)
<use ./Figuras/logox.png>
Package pdftex.def Info: ./Figuras/logox.png  used on input line 19.
(pdftex.def)             Requested size: 76.8193pt x 21.7414pt.
 [15] 
enddocument/afterlastpage: lastpage setting LastPage.
(unirMuchosArchivos.aux
LaTeX Info: Redefining \. on input line 8.
LaTeX Info: Redefining \% on input line 8.
)
 ***********
LaTeX2e <2023-11-01> patch level 1
L3 programming layer <2024-02-20>
 ***********
Package rerunfilecheck Info: File `unirMuchosArchivos.out' has not changed.
(rerunfilecheck)             Checksum: EBAD185220578BF1ECB68431A39B41B9;4230.
 )
(\end occurred inside a group at level 1)

### simple group (level 1) entered at line 254 ({)
### bottom level 
Here is how much of TeX's memory you used:
 28280 strings out of 474435
 537908 string characters out of 5751761
 1946190 words of memory out of 5000000
 50050 multiletter control sequences out of 15000+600000
 568619 words of font info for 80 fonts, out of 8000000 for 9000
 1141 hyphenation exceptions out of 8191
 93i,16n,134p,588b,852s stack positions out of 10000i,1000n,20000p,200000b,200000s

pdfTeX warning (dest): name{Hfootnote.1} has been referenced but does not exist
, replaced by a fixed one

<C:/Users/l/AppData/Roaming/MiKTeX/fonts/type1/public/courierten/Courier10Pitch
BT-Bold.pfb><C:/Users/l/AppData/Roaming/MiKTeX/fonts/type1/public/courierten/Co
urier10PitchBT-Roman.pfb><C:/Program Files/MiKTeX/fonts/type1/public/amsfonts/c
m/cmex10.pfb><C:/Program Files/MiKTeX/fonts/type1/public/amsfonts/cm/cmmi12.pfb
><C:/Program Files/MiKTeX/fonts/type1/public/amsfonts/cm/cmmi8.pfb><C:/Program 
Files/MiKTeX/fonts/type1/public/amsfonts/cm/cmr12.pfb><C:/Program Files/MiKTeX/
fonts/type1/public/amsfonts/cm/cmr8.pfb><C:/Program Files/MiKTeX/fonts/type1/pu
blic/amsfonts/cm/cmsy10.pfb><C:/Program Files/MiKTeX/fonts/type1/public/lm/lmss
17.pfb>
Output written on unirMuchosArchivos.pdf (16 pages, 946717 bytes).
PDF statistics:
 351 PDF objects out of 1000 (max. 8388607)
 68 named destinations out of 1000 (max. 500000)
 306 words of extra memory for PDF output out of 10000 (max. 10000000)

